This is pdfTeX, Version 3.1415926-1.40.10 (TeX Live 2009/Debian) (format=pdflatex 2012.5.16)  5 NOV 2012 14:12
entering extended mode
 %&-line parsing enabled.
**eFAST_Tutorial.tex
(./eFAST_Tutorial.tex
LaTeX2e <2009/09/24>
Babel <v3.8l> and hyphenation patterns for english, usenglishmax, dumylang, noh
yphenation, loaded.
(/usr/share/texmf-texlive/tex/latex/base/article.cls
Document Class: article 2007/10/19 v1.4h Standard LaTeX document class
(/usr/share/texmf-texlive/tex/latex/base/size11.clo
File: size11.clo 2007/10/19 v1.4h Standard LaTeX file (size option)
)
\c@part=\count79
\c@section=\count80
\c@subsection=\count81
\c@subsubsection=\count82
\c@paragraph=\count83
\c@subparagraph=\count84
\c@figure=\count85
\c@table=\count86
\abovecaptionskip=\skip41
\belowcaptionskip=\skip42
\bibindent=\dimen102
)
(/usr/share/texmf-texlive/tex/latex/tools/tabularx.sty
Package: tabularx 1999/01/07 v2.07 `tabularx' package (DPC)

(/usr/share/texmf-texlive/tex/latex/tools/array.sty
Package: array 2008/09/09 v2.4c Tabular extension package (FMi)
\col@sep=\dimen103
\extrarowheight=\dimen104
\NC@list=\toks14
\extratabsurround=\skip43
\backup@length=\skip44
)
\TX@col@width=\dimen105
\TX@old@table=\dimen106
\TX@old@col=\dimen107
\TX@target=\dimen108
\TX@delta=\dimen109
\TX@cols=\count87
\TX@ftn=\toks15
)
(/usr/share/texmf-texlive/tex/latex/graphics/graphicx.sty
Package: graphicx 1999/02/16 v1.0f Enhanced LaTeX Graphics (DPC,SPQR)

(/usr/share/texmf-texlive/tex/latex/graphics/keyval.sty
Package: keyval 1999/03/16 v1.13 key=value parser (DPC)
\KV@toks@=\toks16
)
(/usr/share/texmf-texlive/tex/latex/graphics/graphics.sty
Package: graphics 2009/02/05 v1.0o Standard LaTeX Graphics (DPC,SPQR)

(/usr/share/texmf-texlive/tex/latex/graphics/trig.sty
Package: trig 1999/03/16 v1.09 sin cos tan (DPC)
)
(/etc/texmf/tex/latex/config/graphics.cfg
File: graphics.cfg 2009/08/28 v1.8 graphics configuration of TeX Live
)
Package graphics Info: Driver file: pdftex.def on input line 91.

(/usr/share/texmf-texlive/tex/latex/pdftex-def/pdftex.def
File: pdftex.def 2010/03/12 v0.04p Graphics/color for pdfTeX
\Gread@gobject=\count88
))
\Gin@req@height=\dimen110
\Gin@req@width=\dimen111
)
(/usr/share/texmf-texlive/tex/latex/wrapfig/wrapfig.sty
\wrapoverhang=\dimen112
\WF@size=\dimen113
\c@WF@wrappedlines=\count89
\WF@box=\box26
\WF@everypar=\toks17
Package: wrapfig 2003/01/31  v 3.6
)
(/usr/share/texmf-texlive/tex/latex/subfigure/subfigure.sty
Package: subfigure 2002/03/15 v2.1.5 subfigure package
\subfigtopskip=\skip45
\subfigcapskip=\skip46
\subfigcaptopadj=\dimen114
\subfigbottomskip=\skip47
\subfigcapmargin=\dimen115
\subfiglabelskip=\skip48
\c@subfigure=\count90
\c@lofdepth=\count91
\c@subtable=\count92
\c@lotdepth=\count93

****************************************
* Local config file subfigure.cfg used *
****************************************
(/usr/share/texmf-texlive/tex/latex/subfigure/subfigure.cfg)
\subfig@top=\skip49
\subfig@bottom=\skip50
)
(/usr/share/texmf-texlive/tex/latex/tools/enumerate.sty
Package: enumerate 1999/03/05 v3.00 enumerate extensions (DPC)
\@enLab=\toks18
)
(/usr/share/texmf-texlive/tex/latex/natbib/natbib.sty
Package: natbib 2009/07/16 8.31 (PWD, AO)
\bibhang=\skip51
\bibsep=\skip52
LaTeX Info: Redefining \cite on input line 694.
\c@NAT@ctr=\count94
)
(/usr/share/texmf-texlive/tex/latex/caption/caption.sty
Package: caption 2009/10/09 v3.1k Customizing captions (AR)

(/usr/share/texmf-texlive/tex/latex/caption/caption3.sty
Package: caption3 2009/10/09 v3.1k caption3 kernel (AR)
\captionmargin=\dimen116
\captionmargin@=\dimen117
\captionwidth=\dimen118
\caption@indent=\dimen119
\caption@parindent=\dimen120
\caption@hangindent=\dimen121
)
\c@ContinuedFloat=\count95
Package caption Info: subfigure package is loaded.
Package caption Info: wrapfig package is loaded.
)
(/usr/share/texmf-texlive/tex/latex/geometry/geometry.sty
Package: geometry 2008/12/21 v4.2 Page Geometry

(/usr/share/texmf-texlive/tex/generic/oberdiek/ifpdf.sty
Package: ifpdf 2009/04/10 v2.0 Provides the ifpdf switch (HO)
Package ifpdf Info: pdfTeX in pdf mode detected.
)
(/usr/share/texmf-texlive/tex/generic/oberdiek/ifvtex.sty
Package: ifvtex 2008/11/04 v1.4 Switches for detecting VTeX and its modes (HO)
Package ifvtex Info: VTeX not detected.
)
\Gm@cnth=\count96
\Gm@cntv=\count97
\c@Gm@tempcnt=\count98
\Gm@bindingoffset=\dimen122
\Gm@wd@mp=\dimen123
\Gm@odd@mp=\dimen124
\Gm@even@mp=\dimen125
\Gm@dimlist=\toks19
)
(./eFAST_Tutorial.aux)
\openout1 = `eFAST_Tutorial.aux'.

LaTeX Font Info:    Checking defaults for OML/cmm/m/it on input line 16.
LaTeX Font Info:    ... okay on input line 16.
LaTeX Font Info:    Checking defaults for T1/cmr/m/n on input line 16.
LaTeX Font Info:    ... okay on input line 16.
LaTeX Font Info:    Checking defaults for OT1/cmr/m/n on input line 16.
LaTeX Font Info:    ... okay on input line 16.
LaTeX Font Info:    Checking defaults for OMS/cmsy/m/n on input line 16.
LaTeX Font Info:    ... okay on input line 16.
LaTeX Font Info:    Checking defaults for OMX/cmex/m/n on input line 16.
LaTeX Font Info:    ... okay on input line 16.
LaTeX Font Info:    Checking defaults for U/cmr/m/n on input line 16.
LaTeX Font Info:    ... okay on input line 16.
 (/usr/share/texmf-texlive/tex/context/base/supp-pdf.mkii
[Loading MPS to PDF converter (version 2006.09.02).]
\scratchcounter=\count99
\scratchdimen=\dimen126
\scratchbox=\box27
\nofMPsegments=\count100
\nofMParguments=\count101
\everyMPshowfont=\toks20
\MPscratchCnt=\count102
\MPscratchDim=\dimen127
\MPnumerator=\count103
\everyMPtoPDFconversion=\toks21
)
Package caption Info: Begin \AtBeginDocument code.
Package caption Info: End \AtBeginDocument code.

*geometry auto-detecting driver*
*geometry detected driver: pdftex*
-------------------- Geometry parameters
paper: a4paper
landscape: --
twocolumn: --
twoside: --
asymmetric: --
h-parts: 71.13188pt, 455.24411pt, 71.13188pt
v-parts: 56.9055pt, 731.23584pt, 56.9055pt
hmarginratio: --
vmarginratio: --
lines: --
heightrounded: --
bindingoffset: 0.0pt
truedimen: --
includehead: --
includefoot: --
includemp: --
driver: pdftex
-------------------- Page layout dimensions and switches
\paperwidth  597.50787pt
\paperheight 845.04684pt
\textwidth  455.24411pt
\textheight 731.23584pt
\oddsidemargin  -1.1381pt
\evensidemargin -1.1381pt
\topmargin  -52.36449pt
\headheight 12.0pt
\headsep    25.0pt
\footskip   30.0pt
\marginparwidth 50.0pt
\marginparsep   10.0pt
\columnsep  10.0pt
\skip\footins  10.0pt plus 4.0pt minus 2.0pt
\hoffset 0.0pt
\voffset 0.0pt
\mag 1000

(1in=72.27pt, 1cm=28.45pt)
-----------------------
LaTeX Font Info:    External font `cmex10' loaded for size
(Font)              <12> on input line 18.
LaTeX Font Info:    External font `cmex10' loaded for size
(Font)              <8> on input line 18.
LaTeX Font Info:    External font `cmex10' loaded for size
(Font)              <6> on input line 18.
LaTeX Font Info:    Try loading font information for OMS+cmr on input line 34.
(/usr/share/texmf-texlive/tex/latex/base/omscmr.fd
File: omscmr.fd 1999/05/25 v2.5h Standard LaTeX font definitions
)
LaTeX Font Info:    Font shape `OMS/cmr/m/n' in size <10.95> not available
(Font)              Font shape `OMS/cmsy/m/n' tried instead on input line 34.
 [1

{/var/lib/texmf/fonts/map/pdftex/updmap/pdftex.map}]
Underfull \hbox (badness 10000) in paragraph at lines 43--48

 []


Underfull \hbox (badness 10000) in paragraph at lines 43--48

 []


Underfull \hbox (badness 10000) in paragraph at lines 43--48

 []


Underfull \hbox (badness 10000) in paragraph at lines 50--52

 []

[2]
Underfull \hbox (badness 10000) in paragraph at lines 96--99

 []


Overfull \hbox (32.12115pt too wide) in paragraph at lines 96--99
\OT1/cmr/m/n/10.95 Each CSV file is named with the con-ven-tion Curve[\OT1/cmr/
m/it/10.95 Sample[]Curve[]Number\OT1/cmr/m/n/10.95 ][][\OT1/cmr/m/it/10.95 Para
meter[]Name\OT1/cmr/m/n/10.95 ].csv 
 []


Underfull \hbox (badness 10000) in paragraph at lines 96--99

 []

[3]
Underfull \hbox (badness 10000) in paragraph at lines 103--107

 []


Underfull \hbox (badness 10000) in paragraph at lines 103--107

 []

Missing character: There is no â in font cmr10!
Missing character: There is no € in font cmr10!
Missing character: There is no “ in font cmr10!
<eFAST_Folder_Struc.png, id=19, 537.207pt x 645.612pt>
File: eFAST_Folder_Struc.png Graphic file (type png)

<use eFAST_Folder_Struc.png> [4] [5 <./eFAST_Folder_Struc.png>]
Overfull \hbox (9.03122pt too wide) in paragraph at lines 198--198
 []\OT1/cmtt/m/n/10.95 # The output file containing the simulation results from
 that simulation run[] 
 []


Overfull \hbox (26.27728pt too wide) in paragraph at lines 198--198
 []\OT1/cmtt/m/n/10.95 # Not used in this case, but this is useful in cases whe
re two result files may[] 
 []


Overfull \hbox (26.27728pt too wide) in paragraph at lines 198--198
 []\OT1/cmtt/m/n/10.95 # exist (for example if tracking cells close to an area,
 and those further away[] 
 []

Missing character: There is no â in font cmtt10!
Missing character: There is no € in font cmtt10!
Missing character: There is no “ in font cmtt10!

Overfull \hbox (37.77466pt too wide) in paragraph at lines 198--198
 []\OT1/cmtt/m/n/10.95 #  two output files could be used).  Here, results in a 
second file are processed[] 
 []


Overfull \hbox (37.77466pt too wide) in paragraph at lines 198--198
 []\OT1/cmtt/m/n/10.95 # The column within the csv results file where the resul
ts start.  This is useful[] 
 []


Overfull \hbox (32.02597pt too wide) in paragraph at lines 198--198
 []\OT1/cmtt/m/n/10.95 # as it restricts what is read in to R, getting round po
tential errors where the[] 
 []


Overfull \hbox (37.77466pt too wide) in paragraph at lines 198--198
 []\OT1/cmtt/m/n/10.95 # first column contains an agent label (as R does not re
ad in CSV files where the[] 
 []


Overfull \hbox (14.7799pt too wide) in paragraph at lines 198--198
 []\OT1/cmtt/m/n/10.95 # File format of median results file that will be genera
ted in this tutorial.[] 
 []


Overfull \hbox (49.27203pt too wide) in paragraph at lines 198--198
 []\OT1/cmtt/m/n/10.95 # Should be either XML or CSV. This is used as, for some
 applications, a simulation[] 
 []


Overfull \hbox (14.7799pt too wide) in paragraph at lines 198--198
 []\OT1/cmtt/m/n/10.95 # results set for processing may have been generated usi
ng methods other than[] 
 []


Overfull \hbox (26.27728pt too wide) in paragraph at lines 198--198
 []\OT1/cmtt/m/n/10.95 # For each parameter value set being analysed, a file is
 created containing the[] 
 []


Overfull \hbox (37.77466pt too wide) in paragraph at lines 198--198
 []\OT1/cmtt/m/n/10.95 # median of each output measure, of each simulation run 
for that value. This sets[] 
 []


Overfull \hbox (20.5286pt too wide) in paragraph at lines 198--198
 []\OT1/cmtt/m/n/10.95 # Name of the summary file for each eFAST curve, showing
 the value assigned to[] 
 []


Overfull \hbox (49.27203pt too wide) in paragraph at lines 198--198
 []\OT1/cmtt/m/n/10.95 # each parameter and the simulation outcome median(s) wh
en run under that condition[] 
 []

[6]
Overfull \hbox (20.5286pt too wide) in paragraph at lines 198--198
 []\OT1/cmtt/m/n/10.95 # Name of the final result file for this analysis, showi
ng the partitioning of[] 
 []


Overfull \hbox (37.77466pt too wide) in paragraph at lines 198--198
 []\OT1/cmtt/m/n/10.95 # Not used in this case, but when a simulation is analys
ed at multiple timepoints[] 
 []

Missing character: There is no â in font cmr10!
Missing character: There is no € in font cmr10!
Missing character: There is no “ in font cmr10!

Underfull \hbox (badness 10000) in paragraph at lines 210--215

 []

[7]
Underfull \hbox (badness 10000) in paragraph at lines 232--235

 []


Underfull \hbox (badness 10000) in paragraph at lines 259--264

 []


Underfull \hbox (badness 10000) in paragraph at lines 259--264

 []


Overfull \hbox (29.25955pt too wide) in paragraph at lines 259--264
\OT1/cmr/m/n/10.95 Navigate to the top level of the folder struc-ture. You will
 see that a file EgSet[]eFAST[]Analysis.csv
 []

[8]
Underfull \hbox (badness 10000) in paragraph at lines 271--274

 []

[9] <eFAST_Displacement.pdf, id=41, 505.89pt x 505.89pt>
File: eFAST_Displacement.pdf Graphic file (type pdf)

<use eFAST_Displacement.pdf> <eFAST_Velocity.pdf, id=42, 505.89pt x 505.89pt>
File: eFAST_Velocity.pdf Graphic file (type pdf)

<use eFAST_Velocity.pdf>
Underfull \hbox (badness 10000) in paragraph at lines 294--299

 []


Underfull \hbox (badness 10000) in paragraph at lines 294--299

 []

[10 <./eFAST_Displacement.pdf> <./eFAST_Velocity.pdf>]
Underfull \hbox (badness 10000) in paragraph at lines 312--316

 []


Underfull \hbox (badness 10000) in paragraph at lines 312--316

 []


Underfull \hbox (badness 10000) in paragraph at lines 312--316

 []

[11] [12] (./eFAST_Tutorial.aux) ) 
Here is how much of TeX's memory you used:
 2929 strings out of 495061
 42722 string characters out of 1182621
 106639 words of memory out of 3000000
 6106 multiletter control sequences out of 15000+50000
 9983 words of font info for 35 fonts, out of 3000000 for 9000
 28 hyphenation exceptions out of 8191
 36i,7n,38p,1913b,375s stack positions out of 5000i,500n,10000p,200000b,50000s
</usr/share/texmf-texlive/fonts/type1/public/
amsfonts/cm/cmbx10.pfb></usr/share/texmf-texlive/fonts/type1/public/amsfonts/cm
/cmbx12.pfb></usr/share/texmf-texlive/fonts/type1/public/amsfonts/cm/cmbxti10.p
fb></usr/share/texmf-texlive/fonts/type1/public/amsfonts/cm/cmr10.pfb></usr/sha
re/texmf-texlive/fonts/type1/public/amsfonts/cm/cmr12.pfb></usr/share/texmf-tex
live/fonts/type1/public/amsfonts/cm/cmsy10.pfb></usr/share/texmf-texlive/fonts/
type1/public/amsfonts/cm/cmti10.pfb></usr/share/texmf-texlive/fonts/type1/publi
c/amsfonts/cm/cmtt10.pfb>
Output written on eFAST_Tutorial.pdf (12 pages, 345681 bytes).
PDF statistics:
 90 PDF objects out of 1000 (max. 8388607)
 0 named destinations out of 1000 (max. 500000)
 16 words of extra memory for PDF output out of 10000 (max. 10000000)

